2019-05-08      初始化项目

2019-08-12		解决了145道题


2019-08-13		解决了147道题
新增: 第十行(shell题目)
新增: 字符串相乘


2019-08-14		解决了148道题
新增: 完全二叉树的节点个数


2019-08-14      解决了150道题
新增:  二叉树的右视图
新增:  填充每个节点的下一个右侧节点指针


2019-08-18		解决了160道题
2019-08-25		解决了170道题
2019-08-28		解决了177道题
2019-08-30		解决了180道题
2019-09-05		解决了185道题
2019-09-16		解决了200道题
2019-11-19		解决了213道题
2019-12-20    		解决了220道题
2019-12-22		解决了222道题

-----------------

总共累计完成了		248 道题，简单109，中等125，困难14
2020年累计完成		26 道

<<<<<<< HEAD
2020-01-05		解决了7道题



















=======
2020-01-05		解决了6道题
2020-01-06		解决了8道题
2020-01-14		解决了20道题
2020-01-27		解决了26道题
>>>>>>> ab0e00ec285d1fbd03ba47a966c8ecfaac23a514


Thu Jan 30 21:34:30 CST 2020
Thu Jan 30 21:35:15 CST 2020
Thu Jan 30 21:36:46 CST 2020
Fri Jan 31 11:38:15 CST 2020
